[2024-12-13T03:57:48.927693+00:00] application_logger.ERROR: Попытка доступа без прав к методу actionIndex контроллера user пользователем имя неопределено фамилия неопределена id неопределен | Попытка вызова адреса /user [] []
[2024-12-13T03:57:57.346616+00:00] application_logger.ERROR: Попытка доступа без прав к методу actionIndex контроллера user пользователем имя неопределено фамилия неопределена id неопределен | Попытка вызова адреса /user [] []
[2024-12-13T03:57:59.120898+00:00] application_logger.ERROR: Попытка доступа без прав к методу actionIndex контроллера user пользователем имя неопределено фамилия неопределена id неопределен | Попытка вызова адреса /user [] []
[2024-12-13T03:58:15.686080+00:00] application_logger.ERROR: Логин не задан  пользователем имя неопределено фамилия неопределена id неопределен | Попытка вызова адреса /user/login [] []
[2024-12-13T03:58:15.722943+00:00] application_logger.ERROR: Пароль не задан  пользователем имя неопределено фамилия неопределена id неопределен | Попытка вызова адреса /user/login [] []
[2024-12-13T05:10:01.929305+00:00] application_logger.ERROR: Логин не задан  пользователем имя неопределено фамилия неопределена id неопределен | Попытка вызова адреса /user/login [] []
[2024-12-13T05:10:02.038469+00:00] application_logger.ERROR: Пароль не задан  пользователем имя неопределено фамилия неопределена id неопределен | Попытка вызова адреса /user/login [] []
[2024-12-13T05:31:33.358600+00:00] application_logger.ERROR: Логин не задан  пользователем имя неопределено фамилия неопределена id неопределен | Попытка вызова адреса /user/login [] []
[2024-12-13T05:31:33.451160+00:00] application_logger.ERROR: Пароль не задан  пользователем имя неопределено фамилия неопределена id неопределен | Попытка вызова адреса /user/login [] []
[2024-12-13T05:32:06.454670+00:00] application_logger.ERROR: Логин не задан  пользователем имя неопределено фамилия неопределена id неопределен | Попытка вызова адреса /user/login [] []
[2024-12-13T05:32:06.507368+00:00] application_logger.ERROR: Пароль не задан  пользователем имя неопределено фамилия неопределена id неопределен | Попытка вызова адреса /user/login [] []
[2024-12-13T05:32:18.242313+00:00] application_logger.ERROR: Логин не задан  пользователем имя неопределено фамилия неопределена id неопределен | Попытка вызова адреса /user/login [] []
[2024-12-13T05:32:18.290970+00:00] application_logger.ERROR: Пароль не задан  пользователем имя неопределено фамилия неопределена id неопределен | Попытка вызова адреса /user/login [] []
[2024-12-13T05:32:19.091803+00:00] application_logger.ERROR: Попытка доступа без прав к методу actionIndexRefresh контроллера user пользователем имя неопределено фамилия неопределена id неопределен | Попытка вызова адреса /user/indexRefresh/ [] []
[2024-12-13T05:32:19.285666+00:00] application_logger.ERROR: Попытка доступа без прав к методу actionIndexRefresh контроллера user пользователем имя неопределено фамилия неопределена id неопределен | Попытка вызова адреса /user/indexRefresh/ [] []
[2024-12-13T05:36:57.922615+00:00] application_logger.ERROR: Попытка доступа без прав к методу actionEdit контроллера user пользователем Павел Павлов 23 | Попытка вызова адреса /user/edit/?id=6 [] []
[2024-12-13T05:40:18.453305+00:00] application_logger.ERROR: Попытка доступа без прав к методу actionIndexRefresh контроллера user пользователем имя неопределено фамилия неопределена id неопределен | Попытка вызова адреса /user/indexRefresh/ [] []
[2024-12-13T05:40:18.623096+00:00] application_logger.ERROR: Попытка доступа без прав к методу actionIndexRefresh контроллера user пользователем имя неопределено фамилия неопределена id неопределен | Попытка вызова адреса /user/indexRefresh/ [] []
[2024-12-13T05:41:18.416717+00:00] application_logger.ERROR: Попытка доступа без прав к методу actionIndexRefresh контроллера user пользователем имя неопределено фамилия неопределена id неопределен | Попытка вызова адреса /user/indexRefresh/ [] []
[2024-12-13T05:41:18.559172+00:00] application_logger.ERROR: Попытка доступа без прав к методу actionIndexRefresh контроллера user пользователем имя неопределено фамилия неопределена id неопределен | Попытка вызова адреса /user/indexRefresh/ [] []
[2024-12-13T05:42:18.411064+00:00] application_logger.ERROR: Попытка доступа без прав к методу actionIndexRefresh контроллера user пользователем имя неопределено фамилия неопределена id неопределен | Попытка вызова адреса /user/indexRefresh/ [] []
[2024-12-13T05:42:18.526987+00:00] application_logger.ERROR: Попытка доступа без прав к методу actionIndexRefresh контроллера user пользователем имя неопределено фамилия неопределена id неопределен | Попытка вызова адреса /user/indexRefresh/ [] []
[2024-12-13T05:43:18.461540+00:00] application_logger.ERROR: Попытка доступа без прав к методу actionIndexRefresh контроллера user пользователем имя неопределено фамилия неопределена id неопределен | Попытка вызова адреса /user/indexRefresh/ [] []
[2024-12-13T05:43:18.647545+00:00] application_logger.ERROR: Попытка доступа без прав к методу actionIndexRefresh контроллера user пользователем имя неопределено фамилия неопределена id неопределен | Попытка вызова адреса /user/indexRefresh/ [] []
[2024-12-13T05:44:18.448512+00:00] application_logger.ERROR: Попытка доступа без прав к методу actionIndexRefresh контроллера user пользователем имя неопределено фамилия неопределена id неопределен | Попытка вызова адреса /user/indexRefresh/ [] []
[2024-12-13T05:44:18.561678+00:00] application_logger.ERROR: Попытка доступа без прав к методу actionIndexRefresh контроллера user пользователем имя неопределено фамилия неопределена id неопределен | Попытка вызова адреса /user/indexRefresh/ [] []
[2024-12-13T05:45:18.410832+00:00] application_logger.ERROR: Попытка доступа без прав к методу actionIndexRefresh контроллера user пользователем имя неопределено фамилия неопределена id неопределен | Попытка вызова адреса /user/indexRefresh/ [] []
[2024-12-13T05:45:18.556563+00:00] application_logger.ERROR: Попытка доступа без прав к методу actionIndexRefresh контроллера user пользователем имя неопределено фамилия неопределена id неопределен | Попытка вызова адреса /user/indexRefresh/ [] []
[2024-12-13T05:46:18.478071+00:00] application_logger.ERROR: Попытка доступа без прав к методу actionIndexRefresh контроллера user пользователем имя неопределено фамилия неопределена id неопределен | Попытка вызова адреса /user/indexRefresh/ [] []
[2024-12-13T05:46:18.599191+00:00] application_logger.ERROR: Попытка доступа без прав к методу actionIndexRefresh контроллера user пользователем имя неопределено фамилия неопределена id неопределен | Попытка вызова адреса /user/indexRefresh/ [] []
[2024-12-13T05:47:18.426822+00:00] application_logger.ERROR: Попытка доступа без прав к методу actionIndexRefresh контроллера user пользователем имя неопределено фамилия неопределена id неопределен | Попытка вызова адреса /user/indexRefresh/ [] []
[2024-12-13T05:47:18.718848+00:00] application_logger.ERROR: Попытка доступа без прав к методу actionIndexRefresh контроллера user пользователем имя неопределено фамилия неопределена id неопределен | Попытка вызова адреса /user/indexRefresh/ [] []
[2024-12-13T05:48:18.401374+00:00] application_logger.ERROR: Попытка доступа без прав к методу actionIndexRefresh контроллера user пользователем имя неопределено фамилия неопределена id неопределен | Попытка вызова адреса /user/indexRefresh/ [] []
[2024-12-13T05:48:18.520831+00:00] application_logger.ERROR: Попытка доступа без прав к методу actionIndexRefresh контроллера user пользователем имя неопределено фамилия неопределена id неопределен | Попытка вызова адреса /user/indexRefresh/ [] []
[2024-12-13T05:49:18.442454+00:00] application_logger.ERROR: Попытка доступа без прав к методу actionIndexRefresh контроллера user пользователем имя неопределено фамилия неопределена id неопределен | Попытка вызова адреса /user/indexRefresh/ [] []
[2024-12-13T05:49:18.635462+00:00] application_logger.ERROR: Попытка доступа без прав к методу actionIndexRefresh контроллера user пользователем имя неопределено фамилия неопределена id неопределен | Попытка вызова адреса /user/indexRefresh/ [] []
[2024-12-13T05:50:18.425647+00:00] application_logger.ERROR: Попытка доступа без прав к методу actionIndexRefresh контроллера user пользователем имя неопределено фамилия неопределена id неопределен | Попытка вызова адреса /user/indexRefresh/ [] []
[2024-12-13T05:50:18.561876+00:00] application_logger.ERROR: Попытка доступа без прав к методу actionIndexRefresh контроллера user пользователем имя неопределено фамилия неопределена id неопределен | Попытка вызова адреса /user/indexRefresh/ [] []
