[2024-12-12T03:52:48.464709+00:00] application_logger.ERROR: Попытка доступа к несуществующему методу actionIndexDelete контроллера user пользователем admin admin 11 | Попытка вызова адреса /user/indexDelete/ [] []
[2024-12-12T03:53:52.336326+00:00] application_logger.ERROR: Удаляемый пользователь не существует  пользователем admin admin 11 | Попытка вызова адреса /user/Delete/ [] []
[2024-12-12T03:56:03.232410+00:00] application_logger.ERROR: Удаляемый пользователь не существует  пользователем admin admin 11 | Попытка вызова адреса /user/Delete/ [] []
[2024-12-12T03:57:31.542365+00:00] application_logger.ERROR: Удаляемый пользователь не существует  пользователем admin admin 11 | Попытка вызова адреса /user/Delete/ [] []
[2024-12-12T03:57:36.042245+00:00] application_logger.ERROR: Удаляемый пользователь не существует  пользователем admin admin 11 | Попытка вызова адреса /user/Delete/ [] []
[2024-12-12T03:59:03.538522+00:00] application_logger.ERROR: Удаляемый пользователь не существует  пользователем admin admin 11 | Попытка вызова адреса /user/Delete/ [] []
[2024-12-12T07:02:42.928529+00:00] application_logger.ERROR: Удаляемый пользователь не существует  пользователем admin admin 11 | Попытка вызова адреса /user/Delete/ [] []
[2024-12-12T07:03:34.033541+00:00] application_logger.ERROR: Удаляемый пользователь не существует  пользователем admin admin 11 | Попытка вызова адреса /user/Delete/ [] []
[2024-12-12T07:03:55.510839+00:00] application_logger.ERROR: Удаляемый пользователь не существует  пользователем admin admin 11 | Попытка вызова адреса /user/Delete/ [] []
[2024-12-12T07:04:39.134250+00:00] application_logger.ERROR: Попытка доступа без прав к методу actionIndexRefresh контроллера user пользователем имя неопределено фамилия неопределена id неопределен | Попытка вызова адреса /user/indexRefresh/ [] []
[2024-12-12T07:04:43.103315+00:00] application_logger.ERROR: Попытка доступа без прав к методу actionIndexRefresh контроллера user пользователем имя неопределено фамилия неопределена id неопределен | Попытка вызова адреса /user/indexRefresh/ [] []
[2024-12-12T07:04:43.262673+00:00] application_logger.ERROR: Попытка доступа без прав к методу actionIndexRefresh контроллера user пользователем имя неопределено фамилия неопределена id неопределен | Попытка вызова адреса /user/indexRefresh/ [] []
[2024-12-12T07:04:43.935195+00:00] application_logger.ERROR: Попытка доступа без прав к методу actionIndex контроллера user пользователем имя неопределено фамилия неопределена id неопределен | Попытка вызова адреса /user [] []
[2024-12-12T07:04:49.938164+00:00] application_logger.ERROR: Попытка доступа без прав к методу actionIndex контроллера user пользователем имя неопределено фамилия неопределена id неопределен | Попытка вызова адреса /user [] []
[2024-12-12T07:05:07.200478+00:00] application_logger.ERROR: Попытка доступа без прав к методу actionIndexRefresh контроллера user пользователем имя неопределено фамилия неопределена id неопределен | Попытка вызова адреса /user/indexRefresh/ [] []
[2024-12-12T07:05:09.993637+00:00] application_logger.ERROR: Попытка доступа без прав к методу actionIndex контроллера user пользователем имя неопределено фамилия неопределена id неопределен | Попытка вызова адреса /user [] []
[2024-12-12T07:05:28.562321+00:00] application_logger.ERROR: Логин не задан  пользователем имя неопределено фамилия неопределена id неопределен | Попытка вызова адреса /user/login [] []
[2024-12-12T07:05:28.614725+00:00] application_logger.ERROR: Пароль не задан  пользователем имя неопределено фамилия неопределена id неопределен | Попытка вызова адреса /user/login [] []
[2024-12-12T07:07:49.870825+00:00] application_logger.ERROR: Попытка доступа без прав к методу actionDelete контроллера user пользователем Павел Павлов 23 | Попытка вызова адреса /user/delete/?id=60 [] []
[2024-12-12T07:08:09.068738+00:00] application_logger.ERROR: Логин не задан  пользователем имя неопределено фамилия неопределена id неопределен | Попытка вызова адреса /user/login [] []
[2024-12-12T07:08:09.157231+00:00] application_logger.ERROR: Пароль не задан  пользователем имя неопределено фамилия неопределена id неопределен | Попытка вызова адреса /user/login [] []
[2024-12-12T07:33:49.361715+00:00] application_logger.ERROR: Логин не задан  пользователем имя неопределено фамилия неопределена id неопределен | Попытка вызова адреса /user/login [] []
[2024-12-12T07:33:49.490635+00:00] application_logger.ERROR: Пароль не задан  пользователем имя неопределено фамилия неопределена id неопределен | Попытка вызова адреса /user/login [] []
[2024-12-12T07:33:54.239883+00:00] application_logger.ERROR: Логин не задан  пользователем имя неопределено фамилия неопределена id неопределен | Попытка вызова адреса /user/login [] []
[2024-12-12T07:33:54.328792+00:00] application_logger.ERROR: Пароль не задан  пользователем имя неопределено фамилия неопределена id неопределен | Попытка вызова адреса /user/login [] []
[2024-12-12T07:34:12.907191+00:00] application_logger.ERROR: Логин не задан  пользователем имя неопределено фамилия неопределена id неопределен | Попытка вызова адреса /user/login [] []
[2024-12-12T07:34:12.958606+00:00] application_logger.ERROR: Пароль не задан  пользователем имя неопределено фамилия неопределена id неопределен | Попытка вызова адреса /user/login [] []
[2024-12-12T10:17:33.969163+00:00] application_logger.ERROR: Логин не задан  пользователем имя неопределено фамилия неопределена id неопределен | Попытка вызова адреса /user/login [] []
[2024-12-12T10:17:34.153977+00:00] application_logger.ERROR: Пароль не задан  пользователем имя неопределено фамилия неопределена id неопределен | Попытка вызова адреса /user/login [] []
[2024-12-12T10:17:43.944171+00:00] application_logger.ERROR: Попытка доступа без прав к методу actionIndexRefresh контроллера user пользователем имя неопределено фамилия неопределена id неопределен | Попытка вызова адреса /user/indexRefresh/ [] []
[2024-12-12T10:17:44.061443+00:00] application_logger.ERROR: Попытка доступа без прав к методу actionIndexRefresh контроллера user пользователем имя неопределено фамилия неопределена id неопределен | Попытка вызова адреса /user/indexRefresh/ [] []
[2024-12-12T10:17:45.507984+00:00] application_logger.ERROR: Попытка доступа без прав к методу actionIndex контроллера user пользователем имя неопределено фамилия неопределена id неопределен | Попытка вызова адреса /user [] []
[2024-12-12T10:17:49.963455+00:00] application_logger.ERROR: Логин не задан  пользователем имя неопределено фамилия неопределена id неопределен | Попытка вызова адреса /user/login [] []
[2024-12-12T10:17:50.046037+00:00] application_logger.ERROR: Пароль не задан  пользователем имя неопределено фамилия неопределена id неопределен | Попытка вызова адреса /user/login [] []
[2024-12-12T10:18:06.428275+00:00] application_logger.ERROR: Логин не задан  пользователем имя неопределено фамилия неопределена id неопределен | Попытка вызова адреса /user/login [] []
[2024-12-12T10:18:06.486853+00:00] application_logger.ERROR: Пароль не задан  пользователем имя неопределено фамилия неопределена id неопределен | Попытка вызова адреса /user/login [] []
[2024-12-12T10:19:30.309208+00:00] application_logger.ERROR: Логин не задан  пользователем имя неопределено фамилия неопределена id неопределен | Попытка вызова адреса /user/login [] []
[2024-12-12T10:19:30.342492+00:00] application_logger.ERROR: Пароль не задан  пользователем имя неопределено фамилия неопределена id неопределен | Попытка вызова адреса /user/login [] []
[2024-12-12T10:19:42.732903+00:00] application_logger.ERROR: Попытка доступа без прав к методу actionIndexRefresh контроллера user пользователем имя неопределено фамилия неопределена id неопределен | Попытка вызова адреса /user/indexRefresh/ [] []
[2024-12-12T10:19:42.883798+00:00] application_logger.ERROR: Попытка доступа без прав к методу actionIndexRefresh контроллера user пользователем имя неопределено фамилия неопределена id неопределен | Попытка вызова адреса /user/indexRefresh/ [] []
[2024-12-12T10:28:17.892203+00:00] application_logger.ERROR: Логин не задан  пользователем имя неопределено фамилия неопределена id неопределен | Попытка вызова адреса /user/login [] []
[2024-12-12T10:28:17.949115+00:00] application_logger.ERROR: Пароль не задан  пользователем имя неопределено фамилия неопределена id неопределен | Попытка вызова адреса /user/login [] []
