[2024-12-11T02:40:34.161443+00:00] application_logger.ERROR: Попытка доступа без прав к методу actionIndexRefresh контроллера user пользователем admin admin 11 | Попытка вызова адреса /user/indexRefresh/ [] []
[2024-12-11T02:40:44.177895+00:00] application_logger.ERROR: Попытка доступа без прав к методу actionIndexRefresh контроллера user пользователем admin admin 11 | Попытка вызова адреса /user/indexRefresh/ [] []
[2024-12-11T02:40:53.519037+00:00] application_logger.ERROR: Попытка доступа без прав к методу actionIndexRefresh контроллера user пользователем admin admin 11 | Попытка вызова адреса /user/indexRefresh/ [] []
[2024-12-11T02:41:04.176786+00:00] application_logger.ERROR: Попытка доступа без прав к методу actionIndexRefresh контроллера user пользователем admin admin 11 | Попытка вызова адреса /user/indexRefresh/ [] []
[2024-12-11T02:41:14.104227+00:00] application_logger.ERROR: Попытка доступа без прав к методу actionIndexRefresh контроллера user пользователем admin admin 11 | Попытка вызова адреса /user/indexRefresh/ [] []
[2024-12-11T02:41:23.548578+00:00] application_logger.ERROR: Попытка доступа без прав к методу actionIndexRefresh контроллера user пользователем admin admin 11 | Попытка вызова адреса /user/indexRefresh/ [] []
[2024-12-11T02:41:25.022912+00:00] application_logger.ERROR: Попытка доступа без прав к методу actionIndexRefresh контроллера user пользователем admin admin 11 | Попытка вызова адреса /user/indexRefresh/ [] []
[2024-12-11T02:41:33.633632+00:00] application_logger.ERROR: Попытка доступа без прав к методу actionIndexRefresh контроллера user пользователем admin admin 11 | Попытка вызова адреса /user/indexRefresh/ [] []
[2024-12-11T02:41:35.075777+00:00] application_logger.ERROR: Попытка доступа без прав к методу actionIndexRefresh контроллера user пользователем admin admin 11 | Попытка вызова адреса /user/indexRefresh/ [] []
[2024-12-11T02:41:44.212100+00:00] application_logger.ERROR: Попытка доступа без прав к методу actionIndexRefresh контроллера user пользователем admin admin 11 | Попытка вызова адреса /user/indexRefresh/ [] []
[2024-12-11T02:41:44.909545+00:00] application_logger.ERROR: Попытка доступа без прав к методу actionIndexRefresh контроллера user пользователем admin admin 11 | Попытка вызова адреса /user/indexRefresh/ [] []
[2024-12-11T02:41:55.051481+00:00] application_logger.ERROR: Попытка доступа без прав к методу actionIndexRefresh контроллера user пользователем admin admin 11 | Попытка вызова адреса /user/indexRefresh/ [] []
[2024-12-11T02:42:03.130176+00:00] application_logger.ERROR: Попытка доступа без прав к методу actionIndexRefresh контроллера user пользователем admin admin 11 | Попытка вызова адреса /user/indexRefresh/ [] []
[2024-12-11T02:42:04.988038+00:00] application_logger.ERROR: Попытка доступа без прав к методу actionIndexRefresh контроллера user пользователем admin admin 11 | Попытка вызова адреса /user/indexRefresh/ [] []
[2024-12-11T02:42:13.070648+00:00] application_logger.ERROR: Попытка доступа без прав к методу actionIndexRefresh контроллера user пользователем admin admin 11 | Попытка вызова адреса /user/indexRefresh/ [] []
[2024-12-11T02:42:15.017956+00:00] application_logger.ERROR: Попытка доступа без прав к методу actionIndexRefresh контроллера user пользователем admin admin 11 | Попытка вызова адреса /user/indexRefresh/ [] []
[2024-12-11T02:42:23.102277+00:00] application_logger.ERROR: Попытка доступа без прав к методу actionIndexRefresh контроллера user пользователем admin admin 11 | Попытка вызова адреса /user/indexRefresh/ [] []
[2024-12-11T02:42:25.100066+00:00] application_logger.ERROR: Попытка доступа без прав к методу actionIndexRefresh контроллера user пользователем admin admin 11 | Попытка вызова адреса /user/indexRefresh/ [] []
[2024-12-11T02:42:33.110127+00:00] application_logger.ERROR: Попытка доступа без прав к методу actionIndexRefresh контроллера user пользователем admin admin 11 | Попытка вызова адреса /user/indexRefresh/ [] []
[2024-12-11T02:42:35.045253+00:00] application_logger.ERROR: Попытка доступа без прав к методу actionIndexRefresh контроллера user пользователем admin admin 11 | Попытка вызова адреса /user/indexRefresh/ [] []
[2024-12-11T02:42:43.139504+00:00] application_logger.ERROR: Попытка доступа без прав к методу actionIndexRefresh контроллера user пользователем admin admin 11 | Попытка вызова адреса /user/indexRefresh/ [] []
[2024-12-11T02:42:45.604205+00:00] application_logger.ERROR: Попытка доступа без прав к методу actionIndexRefresh контроллера user пользователем admin admin 11 | Попытка вызова адреса /user/indexRefresh/ [] []
[2024-12-11T02:42:56.652384+00:00] application_logger.ERROR: Попытка доступа без прав к методу actionIndexRefresh контроллера user пользователем admin admin 11 | Попытка вызова адреса /user/indexRefresh/ [] []
[2024-12-11T02:43:07.053660+00:00] application_logger.ERROR: Попытка доступа без прав к методу actionIndexRefresh контроллера user пользователем admin admin 11 | Попытка вызова адреса /user/indexRefresh/ [] []
[2024-12-11T02:43:17.135566+00:00] application_logger.ERROR: Попытка доступа без прав к методу actionIndexRefresh контроллера user пользователем admin admin 11 | Попытка вызова адреса /user/indexRefresh/ [] []
[2024-12-11T02:43:27.085743+00:00] application_logger.ERROR: Попытка доступа без прав к методу actionIndexRefresh контроллера user пользователем admin admin 11 | Попытка вызова адреса /user/indexRefresh/ [] []
[2024-12-11T02:43:37.171107+00:00] application_logger.ERROR: Попытка доступа без прав к методу actionIndexRefresh контроллера user пользователем admin admin 11 | Попытка вызова адреса /user/indexRefresh/ [] []
[2024-12-11T02:43:41.045250+00:00] application_logger.ERROR: Попытка доступа без прав к методу actionIndexRefresh контроллера user пользователем admin admin 11 | Попытка вызова адреса /user/indexRefresh/ [] []
[2024-12-11T02:43:47.167471+00:00] application_logger.ERROR: Попытка доступа без прав к методу actionIndexRefresh контроллера user пользователем admin admin 11 | Попытка вызова адреса /user/indexRefresh/ [] []
[2024-12-11T02:43:57.173876+00:00] application_logger.ERROR: Попытка доступа без прав к методу actionIndexRefresh контроллера user пользователем admin admin 11 | Попытка вызова адреса /user/indexRefresh/ [] []
[2024-12-11T02:44:07.040933+00:00] application_logger.ERROR: Попытка доступа без прав к методу actionIndexRefresh контроллера user пользователем admin admin 11 | Попытка вызова адреса /user/indexRefresh/ [] []
[2024-12-11T02:44:16.600716+00:00] application_logger.ERROR: Попытка доступа без прав к методу actionIndexRefresh контроллера user пользователем admin admin 11 | Попытка вызова адреса /user/indexRefresh/ [] []
[2024-12-11T02:44:22.514018+00:00] application_logger.ERROR: Попытка доступа без прав к методу actionIndexRefresh контроллера user пользователем admin admin 11 | Попытка вызова адреса /user/indexRefresh/ [] []
[2024-12-11T02:44:24.940703+00:00] application_logger.ERROR: Попытка доступа без прав к методу actionIndexRefresh контроллера user пользователем admin admin 11 | Попытка вызова адреса /user/indexRefresh/ [] []
[2024-12-11T02:44:27.095202+00:00] application_logger.ERROR: Попытка доступа без прав к методу actionIndexRefresh контроллера user пользователем admin admin 11 | Попытка вызова адреса /user/indexRefresh/ [] []
[2024-12-11T02:44:35.378634+00:00] application_logger.ERROR: Попытка доступа без прав к методу actionIndexRefresh контроллера user пользователем admin admin 11 | Попытка вызова адреса /user/indexRefresh/ [] []
[2024-12-11T02:44:37.042836+00:00] application_logger.ERROR: Попытка доступа без прав к методу actionIndexRefresh контроллера user пользователем admin admin 11 | Попытка вызова адреса /user/indexRefresh/ [] []
[2024-12-11T02:44:46.378994+00:00] application_logger.ERROR: Попытка доступа без прав к методу actionIndexRefresh контроллера user пользователем admin admin 11 | Попытка вызова адреса /user/indexRefresh/ [] []
[2024-12-11T02:44:47.165940+00:00] application_logger.ERROR: Попытка доступа без прав к методу actionIndexRefresh контроллера user пользователем admin admin 11 | Попытка вызова адреса /user/indexRefresh/ [] []
[2024-12-11T02:44:57.759035+00:00] application_logger.ERROR: Попытка доступа без прав к методу actionIndexRefresh контроллера user пользователем admin admin 11 | Попытка вызова адреса /user/indexRefresh/ [] []
[2024-12-11T02:44:57.909470+00:00] application_logger.ERROR: Попытка доступа без прав к методу actionIndexRefresh контроллера user пользователем admin admin 11 | Попытка вызова адреса /user/indexRefresh/ [] []
[2024-12-11T02:45:06.600974+00:00] application_logger.ERROR: Попытка доступа без прав к методу actionIndexRefresh контроллера user пользователем admin admin 11 | Попытка вызова адреса /user/indexRefresh/ [] []
[2024-12-11T02:45:07.009073+00:00] application_logger.ERROR: Попытка доступа без прав к методу actionIndexRefresh контроллера user пользователем admin admin 11 | Попытка вызова адреса /user/indexRefresh/ [] []
[2024-12-11T02:45:16.584313+00:00] application_logger.ERROR: Попытка доступа без прав к методу actionIndexRefresh контроллера user пользователем admin admin 11 | Попытка вызова адреса /user/indexRefresh/ [] []
[2024-12-11T02:45:17.006908+00:00] application_logger.ERROR: Попытка доступа без прав к методу actionIndexRefresh контроллера user пользователем admin admin 11 | Попытка вызова адреса /user/indexRefresh/ [] []
[2024-12-11T02:45:26.614490+00:00] application_logger.ERROR: Попытка доступа без прав к методу actionIndexRefresh контроллера user пользователем admin admin 11 | Попытка вызова адреса /user/indexRefresh/ [] []
[2024-12-11T02:45:27.072608+00:00] application_logger.ERROR: Попытка доступа без прав к методу actionIndexRefresh контроллера user пользователем admin admin 11 | Попытка вызова адреса /user/indexRefresh/ [] []
[2024-12-11T02:45:36.597391+00:00] application_logger.ERROR: Попытка доступа без прав к методу actionIndexRefresh контроллера user пользователем admin admin 11 | Попытка вызова адреса /user/indexRefresh/ [] []
[2024-12-11T02:45:37.026740+00:00] application_logger.ERROR: Попытка доступа без прав к методу actionIndexRefresh контроллера user пользователем admin admin 11 | Попытка вызова адреса /user/indexRefresh/ [] []
[2024-12-11T02:45:46.562806+00:00] application_logger.ERROR: Попытка доступа без прав к методу actionIndexRefresh контроллера user пользователем admin admin 11 | Попытка вызова адреса /user/indexRefresh/ [] []
[2024-12-11T02:45:47.012021+00:00] application_logger.ERROR: Попытка доступа без прав к методу actionIndexRefresh контроллера user пользователем admin admin 11 | Попытка вызова адреса /user/indexRefresh/ [] []
[2024-12-11T02:45:57.050574+00:00] application_logger.ERROR: Попытка доступа без прав к методу actionIndexRefresh контроллера user пользователем admin admin 11 | Попытка вызова адреса /user/indexRefresh/ [] []
[2024-12-11T02:45:57.209497+00:00] application_logger.ERROR: Попытка доступа без прав к методу actionIndexRefresh контроллера user пользователем admin admin 11 | Попытка вызова адреса /user/indexRefresh/ [] []
[2024-12-11T02:46:07.582659+00:00] application_logger.ERROR: Попытка доступа без прав к методу actionIndexRefresh контроллера user пользователем admin admin 11 | Попытка вызова адреса /user/indexRefresh/ [] []
[2024-12-11T02:46:17.027156+00:00] application_logger.ERROR: Попытка доступа без прав к методу actionIndexRefresh контроллера user пользователем admin admin 11 | Попытка вызова адреса /user/indexRefresh/ [] []
[2024-12-11T02:46:27.064253+00:00] application_logger.ERROR: Попытка доступа без прав к методу actionIndexRefresh контроллера user пользователем admin admin 11 | Попытка вызова адреса /user/indexRefresh/ [] []
[2024-12-11T02:46:37.194064+00:00] application_logger.ERROR: Попытка доступа без прав к методу actionIndexRefresh контроллера user пользователем admin admin 11 | Попытка вызова адреса /user/indexRefresh/ [] []
[2024-12-11T02:46:41.012336+00:00] application_logger.ERROR: Попытка доступа без прав к методу actionIndexRefresh контроллера user пользователем admin admin 11 | Попытка вызова адреса /user/indexRefresh/ [] []
[2024-12-11T02:46:47.094814+00:00] application_logger.ERROR: Попытка доступа без прав к методу actionIndexRefresh контроллера user пользователем admin admin 11 | Попытка вызова адреса /user/indexRefresh/ [] []
[2024-12-11T02:47:41.063625+00:00] application_logger.ERROR: Попытка доступа без прав к методу actionIndexRefresh контроллера user пользователем admin admin 11 | Попытка вызова адреса /user/indexRefresh/ [] []
[2024-12-11T02:47:41.192452+00:00] application_logger.ERROR: Попытка доступа без прав к методу actionIndexRefresh контроллера user пользователем admin admin 11 | Попытка вызова адреса /user/indexRefresh/ [] []
[2024-12-11T02:48:41.044733+00:00] application_logger.ERROR: Попытка доступа без прав к методу actionIndexRefresh контроллера user пользователем admin admin 11 | Попытка вызова адреса /user/indexRefresh/ [] []
[2024-12-11T02:48:41.125907+00:00] application_logger.ERROR: Попытка доступа без прав к методу actionIndexRefresh контроллера user пользователем admin admin 11 | Попытка вызова адреса /user/indexRefresh/ [] []
[2024-12-11T02:49:41.039566+00:00] application_logger.ERROR: Попытка доступа без прав к методу actionIndexRefresh контроллера user пользователем admin admin 11 | Попытка вызова адреса /user/indexRefresh/ [] []
[2024-12-11T02:49:41.155557+00:00] application_logger.ERROR: Попытка доступа без прав к методу actionIndexRefresh контроллера user пользователем admin admin 11 | Попытка вызова адреса /user/indexRefresh/ [] []
[2024-12-11T02:50:41.038621+00:00] application_logger.ERROR: Попытка доступа без прав к методу actionIndexRefresh контроллера user пользователем admin admin 11 | Попытка вызова адреса /user/indexRefresh/ [] []
[2024-12-11T02:50:41.116335+00:00] application_logger.ERROR: Попытка доступа без прав к методу actionIndexRefresh контроллера user пользователем admin admin 11 | Попытка вызова адреса /user/indexRefresh/ [] []
[2024-12-11T02:50:54.934689+00:00] application_logger.ERROR: Попытка доступа без прав к методу actionIndexRefresh контроллера user пользователем admin admin 11 | Попытка вызова адреса /user/indexRefresh/ [] []
[2024-12-11T02:50:56.585160+00:00] application_logger.ERROR: Попытка доступа без прав к методу actionIndexRefresh контроллера user пользователем admin admin 11 | Попытка вызова адреса /user/indexRefresh/ [] []
[2024-12-11T02:51:06.781421+00:00] application_logger.ERROR: Попытка доступа без прав к методу actionIndexRefresh контроллера user пользователем admin admin 11 | Попытка вызова адреса /user/indexRefresh/ [] []
[2024-12-11T02:51:10.904441+00:00] application_logger.ERROR: Попытка доступа без прав к методу actionIndexRefresh контроллера user пользователем admin admin 11 | Попытка вызова адреса /user/indexRefresh/ [] []
[2024-12-11T02:51:17.035319+00:00] application_logger.ERROR: Попытка доступа без прав к методу actionIndexRefresh контроллера user пользователем admin admin 11 | Попытка вызова адреса /user/indexRefresh/ [] []
[2024-12-11T02:51:26.077932+00:00] application_logger.ERROR: Попытка доступа без прав к методу actionIndexRefresh контроллера user пользователем admin admin 11 | Попытка вызова адреса /user/indexRefresh/ [] []
[2024-12-11T02:51:29.065470+00:00] application_logger.ERROR: Попытка доступа без прав к методу actionIndexRefresh контроллера user пользователем admin admin 11 | Попытка вызова адреса /user/indexRefresh/ [] []
[2024-12-11T02:51:36.091570+00:00] application_logger.ERROR: Попытка доступа без прав к методу actionIndexRefresh контроллера user пользователем admin admin 11 | Попытка вызова адреса /user/indexRefresh/ [] []
[2024-12-11T02:51:39.084962+00:00] application_logger.ERROR: Попытка доступа без прав к методу actionIndexRefresh контроллера user пользователем admin admin 11 | Попытка вызова адреса /user/indexRefresh/ [] []
[2024-12-11T02:51:46.079447+00:00] application_logger.ERROR: Попытка доступа без прав к методу actionIndexRefresh контроллера user пользователем admin admin 11 | Попытка вызова адреса /user/indexRefresh/ [] []
[2024-12-11T02:52:09.449413+00:00] application_logger.ERROR: Попытка доступа без прав к методу actionIndexRefresh контроллера user пользователем admin admin 11 | Попытка вызова адреса /user/indexRefresh/ [] []
[2024-12-11T02:52:16.278365+00:00] application_logger.ERROR: Попытка доступа без прав к методу actionIndexRefresh контроллера user пользователем admin admin 11 | Попытка вызова адреса /user/indexRefresh/ [] []
[2024-12-11T02:52:26.164582+00:00] application_logger.ERROR: Попытка доступа без прав к методу actionIndexRefresh контроллера user пользователем admin admin 11 | Попытка вызова адреса /user/indexRefresh/ [] []
[2024-12-11T02:52:36.209619+00:00] application_logger.ERROR: Попытка доступа без прав к методу actionIndexRefresh контроллера user пользователем admin admin 11 | Попытка вызова адреса /user/indexRefresh/ [] []
[2024-12-11T02:52:41.030273+00:00] application_logger.ERROR: Попытка доступа без прав к методу actionIndexRefresh контроллера user пользователем admin admin 11 | Попытка вызова адреса /user/indexRefresh/ [] []
[2024-12-11T02:52:46.944128+00:00] application_logger.ERROR: Попытка доступа без прав к методу actionIndexRefresh контроллера user пользователем admin admin 11 | Попытка вызова адреса /user/indexRefresh/ [] []
[2024-12-11T02:53:00.747486+00:00] application_logger.ERROR: Попытка доступа без прав к методу actionIndexRefresh контроллера user пользователем admin admin 11 | Попытка вызова адреса /user/indexRefresh/ [] []
[2024-12-11T02:53:09.969602+00:00] application_logger.ERROR: Попытка доступа без прав к методу actionIndexRefresh контроллера user пользователем admin admin 11 | Попытка вызова адреса /user/indexRefresh/ [] []
[2024-12-11T02:53:20.023055+00:00] application_logger.ERROR: Попытка доступа без прав к методу actionIndexRefresh контроллера user пользователем admin admin 11 | Попытка вызова адреса /user/indexRefresh/ [] []
[2024-12-11T02:53:29.956174+00:00] application_logger.ERROR: Попытка доступа без прав к методу actionIndexRefresh контроллера user пользователем admin admin 11 | Попытка вызова адреса /user/indexRefresh/ [] []
[2024-12-11T02:53:40.215594+00:00] application_logger.ERROR: Попытка доступа без прав к методу actionIndexRefresh контроллера user пользователем admin admin 11 | Попытка вызова адреса /user/indexRefresh/ [] []
[2024-12-11T02:53:41.057295+00:00] application_logger.ERROR: Попытка доступа без прав к методу actionIndexRefresh контроллера user пользователем admin admin 11 | Попытка вызова адреса /user/indexRefresh/ [] []
[2024-12-11T02:53:50.098926+00:00] application_logger.ERROR: Попытка доступа без прав к методу actionIndexRefresh контроллера user пользователем admin admin 11 | Попытка вызова адреса /user/indexRefresh/ [] []
[2024-12-11T02:54:00.127109+00:00] application_logger.ERROR: Попытка доступа без прав к методу actionIndexRefresh контроллера user пользователем admin admin 11 | Попытка вызова адреса /user/indexRefresh/ [] []
[2024-12-11T02:54:10.037360+00:00] application_logger.ERROR: Попытка доступа без прав к методу actionIndexRefresh контроллера user пользователем admin admin 11 | Попытка вызова адреса /user/indexRefresh/ [] []
[2024-12-11T02:54:20.070036+00:00] application_logger.ERROR: Попытка доступа без прав к методу actionIndexRefresh контроллера user пользователем admin admin 11 | Попытка вызова адреса /user/indexRefresh/ [] []
[2024-12-11T02:54:30.017010+00:00] application_logger.ERROR: Попытка доступа без прав к методу actionIndexRefresh контроллера user пользователем admin admin 11 | Попытка вызова адреса /user/indexRefresh/ [] []
[2024-12-11T02:54:40.042619+00:00] application_logger.ERROR: Попытка доступа без прав к методу actionIndexRefresh контроллера user пользователем admin admin 11 | Попытка вызова адреса /user/indexRefresh/ [] []
[2024-12-11T02:54:41.047064+00:00] application_logger.ERROR: Попытка доступа без прав к методу actionIndexRefresh контроллера user пользователем admin admin 11 | Попытка вызова адреса /user/indexRefresh/ [] []
[2024-12-11T05:34:37.945212+00:00] application_logger.ERROR: Логин не задан  пользователем имя неопределено фамилия неопределена id неопределен | Попытка вызова адреса /user/login [] []
[2024-12-11T05:34:38.080761+00:00] application_logger.ERROR: Пароль не задан  пользователем имя неопределено фамилия неопределена id неопределен | Попытка вызова адреса /user/login [] []
[2024-12-11T05:34:41.022370+00:00] application_logger.ERROR: Попытка доступа без прав к методу actionIndexRefresh контроллера user пользователем имя неопределено фамилия неопределена id неопределен | Попытка вызова адреса /user/indexRefresh/ [] []
[2024-12-11T05:34:59.693685+00:00] application_logger.ERROR: Попытка доступа без прав к методу actionEdit контроллера user пользователем Павел Павлов 23 | Попытка вызова адреса /user/edit/?id=4 [] []
[2024-12-11T05:41:56.539822+00:00] application_logger.ERROR: Попытка доступа без прав к методу actionEdit контроллера user пользователем Павел Павлов 23 | Попытка вызова адреса /user/edit [] []
[2024-12-11T05:44:02.646437+00:00] application_logger.ERROR: Логин не задан  пользователем имя неопределено фамилия неопределена id неопределен | Попытка вызова адреса /user/login [] []
[2024-12-11T05:44:02.755208+00:00] application_logger.ERROR: Пароль не задан  пользователем имя неопределено фамилия неопределена id неопределен | Попытка вызова адреса /user/login [] []
[2024-12-11T08:21:01.977334+00:00] application_logger.ERROR: Удаляемый пользователь не существует  пользователем admin admin 11 | Попытка вызова адреса /user/edit [] []
[2024-12-11T08:47:41.230159+00:00] application_logger.ERROR: Попытка доступа без прав к методу actionIndexRefresh контроллера user пользователем имя неопределено фамилия неопределена id неопределен | Попытка вызова адреса /user/indexRefresh/ [] []
[2024-12-11T08:47:41.420083+00:00] application_logger.ERROR: Попытка доступа без прав к методу actionIndexRefresh контроллера user пользователем имя неопределено фамилия неопределена id неопределен | Попытка вызова адреса /user/indexRefresh/ [] []
[2024-12-11T08:48:41.022816+00:00] application_logger.ERROR: Попытка доступа без прав к методу actionIndexRefresh контроллера user пользователем имя неопределено фамилия неопределена id неопределен | Попытка вызова адреса /user/indexRefresh/ [] []
[2024-12-11T08:48:41.154792+00:00] application_logger.ERROR: Попытка доступа без прав к методу actionIndexRefresh контроллера user пользователем имя неопределено фамилия неопределена id неопределен | Попытка вызова адреса /user/indexRefresh/ [] []
[2024-12-11T08:49:41.043358+00:00] application_logger.ERROR: Попытка доступа без прав к методу actionIndexRefresh контроллера user пользователем имя неопределено фамилия неопределена id неопределен | Попытка вызова адреса /user/indexRefresh/ [] []
[2024-12-11T08:49:41.177229+00:00] application_logger.ERROR: Попытка доступа без прав к методу actionIndexRefresh контроллера user пользователем имя неопределено фамилия неопределена id неопределен | Попытка вызова адреса /user/indexRefresh/ [] []
[2024-12-11T08:50:41.186163+00:00] application_logger.ERROR: Попытка доступа без прав к методу actionIndexRefresh контроллера user пользователем имя неопределено фамилия неопределена id неопределен | Попытка вызова адреса /user/indexRefresh/ [] []
[2024-12-11T08:50:41.404328+00:00] application_logger.ERROR: Попытка доступа без прав к методу actionIndexRefresh контроллера user пользователем имя неопределено фамилия неопределена id неопределен | Попытка вызова адреса /user/indexRefresh/ [] []
[2024-12-11T08:51:41.002227+00:00] application_logger.ERROR: Попытка доступа без прав к методу actionIndexRefresh контроллера user пользователем имя неопределено фамилия неопределена id неопределен | Попытка вызова адреса /user/indexRefresh/ [] []
[2024-12-11T08:51:41.104274+00:00] application_logger.ERROR: Попытка доступа без прав к методу actionIndexRefresh контроллера user пользователем имя неопределено фамилия неопределена id неопределен | Попытка вызова адреса /user/indexRefresh/ [] []
[2024-12-11T08:52:24.050225+00:00] application_logger.ERROR: Попытка доступа без прав к методу actionIndexRefresh контроллера user пользователем имя неопределено фамилия неопределена id неопределен | Попытка вызова адреса /user/indexRefresh/ [] []
[2024-12-11T08:52:33.543543+00:00] application_logger.ERROR: Попытка доступа без прав к методу actionIndex контроллера user пользователем имя неопределено фамилия неопределена id неопределен | Попытка вызова адреса /user [] []
[2024-12-11T08:52:41.146437+00:00] application_logger.ERROR: Попытка доступа без прав к методу actionIndexRefresh контроллера user пользователем имя неопределено фамилия неопределена id неопределен | Попытка вызова адреса /user/indexRefresh/ [] []
[2024-12-11T08:52:48.356161+00:00] application_logger.ERROR: Логин не задан  пользователем имя неопределено фамилия неопределена id неопределен | Попытка вызова адреса /user/login [] []
[2024-12-11T08:52:48.453108+00:00] application_logger.ERROR: Пароль не задан  пользователем имя неопределено фамилия неопределена id неопределен | Попытка вызова адреса /user/login [] []
[2024-12-11T09:39:37.763740+00:00] application_logger.ERROR: Обновляемый пользователь не существует  пользователем admin admin 11 | Попытка вызова адреса /user/update/ [] []
[2024-12-11T09:50:05.838172+00:00] application_logger.ERROR: Попытка доступа без прав к методу actionDelete контроллера user пользователем admin admin 11 | Попытка вызова адреса /user/delete/ [] []
[2024-12-11T09:52:09.563642+00:00] application_logger.ERROR: Удаляемый пользователь не существует  пользователем admin admin 11 | Попытка вызова адреса /user/delete/ [] []
